<?xml version="1.0" encoding="UTF-8"?>
<coverage generated="1479078294249" clover="3.2.0">
  <project timestamp="1479078294250" name="All files">
    <metrics statements="3" coveredstatements="1" conditionals="0" coveredconditionals="0" methods="2" coveredmethods="1" elements="5" coveredelements="2" complexity="0" loc="3" ncloc="3" packages="1" files="2" classes="2">
      <file name="goodbye.js" path="/Users/jacekrzeszutek/Documents/Code/presentations/jest-jest/coverage/goodbye.js">
        <metrics statements="2" coveredstatements="0" conditionals="0" coveredconditionals="0" methods="1" coveredmethods="0"/>
        <line num="1" count="0" type="stmt"/>
        <line num="2" count="0" type="stmt"/>
      </file>
      <file name="greet.js" path="/Users/jacekrzeszutek/Documents/Code/presentations/jest-jest/coverage/greet.js">
        <metrics statements="1" coveredstatements="1" conditionals="0" coveredconditionals="0" methods="1" coveredmethods="1"/>
        <line num="2" count="1" type="stmt"/>
      </file>
    </metrics>
  </project>
</coverage>
