{"/Users/jacekrzeszutek/Documents/Code/presentations/jest-jest/coverage/goodbye.js": {"path":"/Users/jacekrzeszutek/Documents/Code/presentations/jest-jest/coverage/goodbye.js","statementMap":{"0":{"start":{"line":1,"column":39},"end":{"line":1,"column":101}},"1":{"start":{"line":1,"column":101},"end":{"line":3,"column":2}},"2":{"start":{"line":2,"column":4},"end":{"line":2,"column":57}}},"fnMap":{"0":{"name":"(anonymous_0)","decl":{"start":{"line":1,"column":119},"end":{"line":1,"column":120}},"loc":{"start":{"line":1,"column":135},"end":{"line":3,"column":1}}}},"branchMap":{},"s":{"0":0,"1":0,"2":0},"f":{"0":0},"b":{}}
,"/Users/jacekrzeszutek/Documents/Code/presentations/jest-jest/coverage/greet.js": {"path":"/Users/jacekrzeszutek/Documents/Code/presentations/jest-jest/coverage/greet.js","statementMap":{"0":{"start":{"line":2,"column":4},"end":{"line":2,"column":27}}},"fnMap":{"0":{"name":"(anonymous_0)","decl":{"start":{"line":1,"column":15},"end":{"line":1,"column":16}},"loc":{"start":{"line":1,"column":25},"end":{"line":3,"column":1}}}},"branchMap":{},"s":{"0":1},"f":{"0":1},"b":{},"_coverageSchema":"332fd63041d2c1bcb487cc26dd0d5f7d97098a6c","hash":"1f00998b96e1505d6ffd618007321e3f446f6534"}
}
